<?xml version="1.0" encoding="UTF-8"?>
<testsuite name="org.springframework.samples.petclinic.service.clinicService.ClinicServiceSpringDataJpaTests" time="1.562" tests="33" errors="0" skipped="0" failures="0">
  <properties>
    <property name="java.runtime.name" value="OpenJDK Runtime Environment"/>
    <property name="java.vm.version" value="11.0.9.1+1-Ubuntu-0ubuntu1.20.04"/>
    <property name="sun.boot.library.path" value="/usr/lib/jvm/java-11-openjdk-amd64/lib"/>
    <property name="maven.multiModuleProjectDirectory" value="/mnt/c/git/spring-petclinic"/>
    <property name="java.vm.vendor" value="Ubuntu"/>
    <property name="java.vendor.url" value="https://ubuntu.com/"/>
    <property name="guice.disable.misplaced.annotation.check" value="true"/>
    <property name="path.separator" value=":"/>
    <property name="java.vm.name" value="OpenJDK 64-Bit Server VM"/>
    <property name="sun.os.patch.level" value="unknown"/>
    <property name="sun.java.launcher" value="SUN_STANDARD"/>
    <property name="java.vm.specification.name" value="Java Virtual Machine Specification"/>
    <property name="user.dir" value="/mnt/c/git/spring-petclinic/java_service"/>
    <property name="java.vm.compressedOopsMode" value="Zero based"/>
    <property name="java.runtime.version" value="11.0.9.1+1-Ubuntu-0ubuntu1.20.04"/>
    <property name="java.awt.graphicsenv" value="sun.awt.X11GraphicsEnvironment"/>
    <property name="os.arch" value="amd64"/>
    <property name="java.io.tmpdir" value="/tmp"/>
    <property name="line.separator" value="&#10;"/>
    <property name="java.vm.specification.vendor" value="Oracle Corporation"/>
    <property name="os.name" value="Linux"/>
    <property name="classworlds.conf" value="/usr/share/maven/bin/m2.conf"/>
    <property name="sun.jnu.encoding" value="UTF-8"/>
    <property name="java.library.path" value="/usr/java/packages/lib:/usr/lib/x86_64-linux-gnu/jni:/lib/x86_64-linux-gnu:/usr/lib/x86_64-linux-gnu:/usr/lib/jni:/lib:/usr/lib"/>
    <property name="maven.conf" value="/usr/share/maven/conf"/>
    <property name="jdk.debug" value="release"/>
    <property name="java.class.version" value="55.0"/>
    <property name="java.specification.name" value="Java Platform API Specification"/>
    <property name="sun.management.compiler" value="HotSpot 64-Bit Tiered Compilers"/>
    <property name="os.version" value="4.19.128-microsoft-standard"/>
    <property name="library.jansi.path" value="/usr/share/maven/lib/jansi-native"/>
    <property name="user.home" value="/home/joao"/>
    <property name="user.timezone" value="America/Sao_Paulo"/>
    <property name="java.awt.printerjob" value="sun.print.PSPrinterJob"/>
    <property name="file.encoding" value="UTF-8"/>
    <property name="java.specification.version" value="11"/>
    <property name="user.name" value="joao"/>
    <property name="java.class.path" value="/usr/share/maven/boot/plexus-classworlds-2.x.jar"/>
    <property name="java.vm.specification.version" value="11"/>
    <property name="sun.arch.data.model" value="64"/>
    <property name="sun.java.command" value="org.codehaus.plexus.classworlds.launcher.Launcher clean install"/>
    <property name="java.home" value="/usr/lib/jvm/java-11-openjdk-amd64"/>
    <property name="user.language" value="en"/>
    <property name="java.specification.vendor" value="Oracle Corporation"/>
    <property name="awt.toolkit" value="sun.awt.X11.XToolkit"/>
    <property name="java.vm.info" value="mixed mode"/>
    <property name="java.version" value="11.0.9.1"/>
    <property name="securerandom.source" value="file:/dev/./urandom"/>
    <property name="java.vendor" value="Ubuntu"/>
    <property name="maven.home" value="/usr/share/maven"/>
    <property name="file.separator" value="/"/>
    <property name="java.version.date" value="2020-11-04"/>
    <property name="java.vendor.url.bug" value="https://bugs.launchpad.net/ubuntu/+source/openjdk-lts"/>
    <property name="sun.io.unicode.encoding" value="UnicodeLittle"/>
    <property name="sun.cpu.endian" value="little"/>
    <property name="sun.cpu.isalist" value=""/>
  </properties>
  <testcase name="shouldFindAllOwners" classname="org.springframework.samples.petclinic.service.clinicService.ClinicServiceSpringDataJpaTests" time="0.073"/>
  <testcase name="shouldFindPetTypeById" classname="org.springframework.samples.petclinic.service.clinicService.ClinicServiceSpringDataJpaTests" time="0.051"/>
  <testcase name="shouldUpdateSpecialty" classname="org.springframework.samples.petclinic.service.clinicService.ClinicServiceSpringDataJpaTests" time="0.036"/>
  <testcase name="shouldFindVets" classname="org.springframework.samples.petclinic.service.clinicService.ClinicServiceSpringDataJpaTests" time="0.04"/>
  <testcase name="shouldFindAllVisits" classname="org.springframework.samples.petclinic.service.clinicService.ClinicServiceSpringDataJpaTests" time="0.033"/>
  <testcase name="shouldFindOwnersByLastName" classname="org.springframework.samples.petclinic.service.clinicService.ClinicServiceSpringDataJpaTests" time="0.044"/>
  <testcase name="shouldInsertVet" classname="org.springframework.samples.petclinic.service.clinicService.ClinicServiceSpringDataJpaTests" time="0.031"/>
  <testcase name="shouldDeletePet" classname="org.springframework.samples.petclinic.service.clinicService.ClinicServiceSpringDataJpaTests" time="0.074"/>
  <testcase name="shouldDeleteVet" classname="org.springframework.samples.petclinic.service.clinicService.ClinicServiceSpringDataJpaTests" time="0.052"/>
  <testcase name="shouldDeleteOwner" classname="org.springframework.samples.petclinic.service.clinicService.ClinicServiceSpringDataJpaTests" time="0.043"/>
  <testcase name="shouldDeleteVisit" classname="org.springframework.samples.petclinic.service.clinicService.ClinicServiceSpringDataJpaTests" time="0.078"/>
  <testcase name="shouldInsertSpecialty" classname="org.springframework.samples.petclinic.service.clinicService.ClinicServiceSpringDataJpaTests" time="0.051"/>
  <testcase name="shouldAddNewVisitForPet" classname="org.springframework.samples.petclinic.service.clinicService.ClinicServiceSpringDataJpaTests" time="0.051"/>
  <testcase name="shouldUpdateOwner" classname="org.springframework.samples.petclinic.service.clinicService.ClinicServiceSpringDataJpaTests" time="0.047"/>
  <testcase name="shouldFindVisitsByPetId" classname="org.springframework.samples.petclinic.service.clinicService.ClinicServiceSpringDataJpaTests" time="0.061"/>
  <testcase name="shouldUpdateVisit" classname="org.springframework.samples.petclinic.service.clinicService.ClinicServiceSpringDataJpaTests" time="0.051"/>
  <testcase name="shouldInsertPetIntoDatabaseAndGenerateId" classname="org.springframework.samples.petclinic.service.clinicService.ClinicServiceSpringDataJpaTests" time="0.055"/>
  <testcase name="shouldInsertOwner" classname="org.springframework.samples.petclinic.service.clinicService.ClinicServiceSpringDataJpaTests" time="0.032"/>
  <testcase name="shouldInsertVisit" classname="org.springframework.samples.petclinic.service.clinicService.ClinicServiceSpringDataJpaTests" time="0.045"/>
  <testcase name="shouldFindAllPets" classname="org.springframework.samples.petclinic.service.clinicService.ClinicServiceSpringDataJpaTests" time="0.055"/>
  <testcase name="shouldFindSingleOwnerWithPet" classname="org.springframework.samples.petclinic.service.clinicService.ClinicServiceSpringDataJpaTests" time="0.035"/>
  <testcase name="shouldFindAllSpecialtys" classname="org.springframework.samples.petclinic.service.clinicService.ClinicServiceSpringDataJpaTests" time="0.024"/>
  <testcase name="shouldUpdatePetName" classname="org.springframework.samples.petclinic.service.clinicService.ClinicServiceSpringDataJpaTests" time="0.028"/>
  <testcase name="shouldUpdatePetType" classname="org.springframework.samples.petclinic.service.clinicService.ClinicServiceSpringDataJpaTests" time="0.032"/>
  <testcase name="shouldFindVisitDyId" classname="org.springframework.samples.petclinic.service.clinicService.ClinicServiceSpringDataJpaTests" time="0.04"/>
  <testcase name="shouldFindAllPetTypes" classname="org.springframework.samples.petclinic.service.clinicService.ClinicServiceSpringDataJpaTests" time="0.038"/>
  <testcase name="shouldUpdateVet" classname="org.springframework.samples.petclinic.service.clinicService.ClinicServiceSpringDataJpaTests" time="0.034"/>
  <testcase name="shouldFindVetDyId" classname="org.springframework.samples.petclinic.service.clinicService.ClinicServiceSpringDataJpaTests" time="0.035"/>
  <testcase name="shouldInsertPetType" classname="org.springframework.samples.petclinic.service.clinicService.ClinicServiceSpringDataJpaTests" time="0.032"/>
  <testcase name="shouldDeletePetType" classname="org.springframework.samples.petclinic.service.clinicService.ClinicServiceSpringDataJpaTests" time="0.154"/>
  <testcase name="shouldFindPetWithCorrectId" classname="org.springframework.samples.petclinic.service.clinicService.ClinicServiceSpringDataJpaTests" time="0.024"/>
  <testcase name="shouldFindSpecialtyById" classname="org.springframework.samples.petclinic.service.clinicService.ClinicServiceSpringDataJpaTests" time="0.032"/>
  <testcase name="shouldDeleteSpecialty" classname="org.springframework.samples.petclinic.service.clinicService.ClinicServiceSpringDataJpaTests" time="0.051"/>
</testsuite>